<?xml version="1.0" encoding="UTF-8"?>
<!-- Generated by org.testng.reporters.JUnitXMLReporter -->
<testsuite ignored="0" hostname="LAPTOP-L326B3C6" failures="0" tests="5" name="FunctionalTesting" time="0.033" errors="0" timestamp="2024-08-22T15:36:15 IST">
  <testcase classname="BatchTesting.PaymentTest" name="CashOnDelivery" time="0.003"/>
  <testcase classname="BatchTesting.PaymentTest" name="NetBAnking" time="0.004"/>
  <testcase classname="BatchTesting.ProductPageTest" name="AddProductToCart" time="0.002"/>
  <testcase classname="BatchTesting.ProductPageTest" name="AddProductToWishList" time="0.002"/>
  <testcase classname="BatchTesting.ProductPageTest" name="SelectQuantity" time="0.005"/>
</testsuite> <!-- FunctionalTesting -->
