<?xml version="1.0" encoding="UTF-8"?>
<!-- Generated by org.testng.reporters.JUnitXMLReporter -->
<testsuite ignored="0" hostname="LAPTOP-L326B3C6" failures="1" tests="1" name="Keyword1" time="0.182" errors="0" timestamp="2024-09-02T21:43:20 IST">
  <testcase classname="Demo.TestNGParameterGoodleSearch" name="googleSearch" time="0.072">
    <failure type="java.lang.AbstractMethodError" message="Receiver class org.openqa.selenium.chrome.ChromeDriverService$Builder does not define or inherit an implementation of the resolved method &amp;apos;abstract void loadSystemProperties()&amp;apos; of abstract class org.openqa.selenium.remote.service.DriverService$Builder.">
      <![CDATA[java.lang.AbstractMethodError: Receiver class org.openqa.selenium.chrome.ChromeDriverService$Builder does not define or inherit an implementation of the resolved method 'abstract void loadSystemProperties()' of abstract class org.openqa.selenium.remote.service.DriverService$Builder.
at org.openqa.selenium.remote.service.DriverService$Builder.build(DriverService.java:509)
at org.openqa.selenium.chrome.ChromeDriverService.createDefaultService(ChromeDriverService.java:94)
at org.openqa.selenium.chrome.ChromeDriver.<init>(ChromeDriver.java:123)
at Demo.TestNGParameterGoodleSearch.googleSearch(TestNGParameterGoodleSearch.java:19)
at java.base/java.util.ArrayList.forEach(ArrayList.java:1597)
... Removed 25 stack frames]]>
    </failure>
  </testcase> <!-- googleSearch -->
</testsuite> <!-- Keyword1 -->
