<?xml version="1.0" encoding="UTF-8"?>
<!-- Generated by org.testng.reporters.JUnitXMLReporter -->
<testsuite ignored="2" hostname="LAPTOP-L326B3C6" failures="0" tests="2" name="Test" time="0.086" errors="0" timestamp="2024-09-02T21:44:16 IST">
  <testcase classname="Demo.GroupAttribute" name="infosys" time="0.015"/>
  <testcase classname="Demo.GroupAttribute" name="wipro" time="0.002"/>
  <testcase classname="Demo.GroupAttribute" name="tata" time="0.0">
    <ignored/>
  </testcase> <!-- tata -->
  <testcase classname="Demo.GroupAttribute" name="maruti" time="0.0">
    <ignored/>
  </testcase> <!-- maruti -->
</testsuite> <!-- Test -->
