<?xml version="1.0" encoding="UTF-8"?>
<testng-results ignored="4" total="5" passed="1" failed="0" skipped="0">
  <reporter-output>
  </reporter-output>
  <suite started-at="2024-09-04T13:50:20 IST" name="Default suite" finished-at="2024-09-04T13:50:21 IST" duration-ms="767">
    <groups>
    </groups>
    <test started-at="2024-09-04T13:50:20 IST" name="Default test" finished-at="2024-09-04T13:50:21 IST" duration-ms="767">
      <class name="ExtendReportDemo.BasicExtendReportClass">
        <test-method is-config="true" signature="statReport()[pri:0, instance:ExtendReportDemo.BasicExtendReportClass@4a83a74a]" started-at="2024-09-04T13:50:20 IST" name="statReport" finished-at="2024-09-04T13:50:20 IST" duration-ms="286" status="PASS">
          <reporter-output>
          </reporter-output>
        </test-method> <!-- statReport -->
        <test-method signature="VerifyUsername()[pri:0, instance:ExtendReportDemo.BasicExtendReportClass@4a83a74a]" started-at="2024-09-04T13:50:20 IST" name="VerifyUsername" finished-at="2024-09-04T13:50:20 IST" duration-ms="17" status="PASS">
          <reporter-output>
          </reporter-output>
        </test-method> <!-- VerifyUsername -->
        <test-method is-config="true" signature="getTestResult(org.testng.ITestResult)[pri:0, instance:ExtendReportDemo.BasicExtendReportClass@4a83a74a]" started-at="2024-09-04T13:50:20 IST" name="getTestResult" finished-at="2024-09-04T13:50:20 IST" duration-ms="11" status="PASS">
          <params>
            <param index="0">
              <value>
                <![CDATA[[TestResult name=VerifyUsername status=SUCCESS method=BasicExtendReportClass.VerifyUsername()[pri:0, instance:ExtendReportDemo.BasicExtendReportClass@4a83a74a] output={null}]]]>
              </value>
            </param>
          </params>
          <reporter-output>
          </reporter-output>
        </test-method> <!-- getTestResult -->
        <test-method is-config="true" signature="tearDown()[pri:0, instance:ExtendReportDemo.BasicExtendReportClass@4a83a74a]" started-at="2024-09-04T13:50:20 IST" name="tearDown" finished-at="2024-09-04T13:50:21 IST" duration-ms="403" status="PASS">
          <reporter-output>
          </reporter-output>
        </test-method> <!-- tearDown -->
      </class> <!-- ExtendReportDemo.BasicExtendReportClass -->
    </test> <!-- Default test -->
  </suite> <!-- Default suite -->
</testng-results>
