<?xml version="1.0" encoding="UTF-8"?>
<!-- Generated by org.testng.reporters.JUnitXMLReporter -->
<testsuite ignored="0" hostname="LAPTOP-L326B3C6" failures="0" tests="5" name="SanityTesting" time="0.21" errors="0" timestamp="2024-08-22T15:36:15 IST">
  <testcase classname="BatchTesting.HomeScreenTest" name="LaunchApplication" time="0.023"/>
  <testcase classname="BatchTesting.HomeScreenTest" name="VerifyLogo" time="0.004"/>
  <testcase classname="BatchTesting.HomeScreenTest" name="Verifytitle" time="0.004"/>
  <testcase classname="BatchTesting.LoginTest" name="LoginByMobileNumber" time="0.005"/>
  <testcase classname="BatchTesting.LoginTest" name="LoginByemail" time="0.037"/>
</testsuite> <!-- SanityTesting -->
