<?xml version="1.0" encoding="UTF-8"?>
<!-- Generated by org.testng.reporters.JUnitXMLReporter -->
<testsuite ignored="4" hostname="LAPTOP-L326B3C6" failures="0" tests="1" name="Default test" time="0.767" errors="0" timestamp="2024-09-04T13:50:21 IST">
  <testcase classname="ExtendReportDemo.BasicExtendReportClass" name="VerifyUsername" time="0.017"/>
  <testcase classname="ExtendReportDemo.BasicExtendReportClass" name="VerifyTitle" time="0.0">
    <ignored/>
  </testcase> <!-- VerifyTitle -->
  <testcase classname="ExtendReportDemo.BasicExtendReportClass" name="LaunchBrowser" time="0.0">
    <ignored/>
  </testcase> <!-- LaunchBrowser -->
  <testcase classname="ExtendReportDemo.BasicExtendReportClass" name="VerifyEmail" time="0.0">
    <ignored/>
  </testcase> <!-- VerifyEmail -->
  <testcase classname="ExtendReportDemo.BasicExtendReportClass" name="VerifyLogo" time="0.0">
    <ignored/>
  </testcase> <!-- VerifyLogo -->
</testsuite> <!-- Default test -->
