<?xml version="1.0" encoding="UTF-8"?>
<!-- Generated by org.testng.reporters.JUnitXMLReporter -->
<testsuite ignored="2" hostname="LAPTOP-L326B3C6" failures="0" tests="1" name="Test1" time="0.071" errors="0" timestamp="2024-09-02T21:44:30 IST">
  <testcase classname="Demo.LoanDepartment" name="MobileLoginPersonalLoan" time="0.013"/>
  <testcase classname="Demo.LoanDepartment" name="WebLoginPersonalLoan" time="0.0">
    <ignored/>
  </testcase> <!-- WebLoginPersonalLoan -->
  <testcase classname="Demo.LoanDepartment" name="APILoginPersonalLoan" time="0.0">
    <ignored/>
  </testcase> <!-- APILoginPersonalLoan -->
</testsuite> <!-- Test1 -->
